<?xml version="1.0" encoding="UTF-8"?>
<testng-results ignored="0" total="3" passed="3" failed="0" skipped="0">
  <reporter-output>
  </reporter-output>
  <suite started-at="2024-08-01T21:05:24 IST" name="Default suite" finished-at="2024-08-01T21:05:46 IST" duration-ms="21812">
    <groups>
    </groups>
    <test started-at="2024-08-01T21:05:24 IST" name="Default test" finished-at="2024-08-01T21:05:46 IST" duration-ms="21812">
      <class name="allprojectlists.Project_25">
        <test-method signature="test()[pri:0, instance:allprojectlists.Project_25@7b9a4292]" started-at="2024-08-01T21:05:24 IST" name="test" finished-at="2024-08-01T21:05:31 IST" duration-ms="6394" status="PASS">
          <reporter-output>
          </reporter-output>
        </test-method> <!-- test -->
        <test-method signature="test3()[pri:1, instance:allprojectlists.Project_25@7b9a4292]" started-at="2024-08-01T21:05:31 IST" name="test3" finished-at="2024-08-01T21:05:38 IST" duration-ms="6776" status="PASS">
          <reporter-output>
          </reporter-output>
        </test-method> <!-- test3 -->
        <test-method signature="test2()[pri:2, instance:allprojectlists.Project_25@7b9a4292]" started-at="2024-08-01T21:05:38 IST" name="test2" finished-at="2024-08-01T21:05:46 IST" duration-ms="8598" status="PASS">
          <reporter-output>
          </reporter-output>
        </test-method> <!-- test2 -->
      </class> <!-- allprojectlists.Project_25 -->
    </test> <!-- Default test -->
  </suite> <!-- Default suite -->
</testng-results>
