<?xml version="1.0" encoding="UTF-8"?>
<!-- Generated by org.testng.reporters.JUnitXMLReporter -->
<testsuite ignored="0" hostname="LAPTOP-L6NV6JE3" failures="0" tests="3" name="Default test" time="21.812" errors="0" timestamp="2024-08-01T21:05:46 IST">
  <testcase classname="allprojectlists.Project_25" name="test" time="6.394"/>
  <testcase classname="allprojectlists.Project_25" name="test3" time="6.776"/>
  <testcase classname="allprojectlists.Project_25" name="test2" time="8.598"/>
</testsuite> <!-- Default test -->
